<?xml version="1.0" encoding="UTF-8"?>
<!-- Generated by org.testng.reporters.JUnitReportReporter -->
<testsuite hostname="DESKTOP-99R1P2E" failures="0" tests="1" name="com.inetbanking.testCases.TC_loginDDT_002" time="0.000" errors="0" timestamp="2022-12-19T10:45:40 IST" skipped="1">
  <testcase classname="com.inetbanking.testCases.TC_loginDDT_002" name="loginDDT" time="0.000">
    <skipped/>
  </testcase> <!-- loginDDT -->
  <system-out/>
</testsuite> <!-- com.inetbanking.testCases.TC_loginDDT_002 -->
